<?xml version="1.0" encoding="UTF-8"?>
<!-- Generated by org.testng.reporters.JUnitReportReporter -->
<testsuite hostname="newt-1765" name="jenkins.JenkinsDemo" tests="1" failures="0" timestamp="12 Apr 2016 17:47:00 GMT" time="29.464" errors="0">
  <testcase name="runJenkins" time="29.464" classname="jenkins.JenkinsDemo"/>
</testsuite> <!-- jenkins.JenkinsDemo -->
